<?xml version="1.0" encoding="UTF-8"?>
<testng-results ignored="0" total="3" passed="2" failed="1" skipped="0">
  <reporter-output>
  </reporter-output>
  <suite started-at="2022-06-21T08:08:46 IST" name="Suite" finished-at="2022-06-21T08:09:15 IST" duration-ms="29930">
    <groups>
    </groups>
    <test started-at="2022-06-21T08:08:46 IST" name="Test" finished-at="2022-06-21T08:09:15 IST" duration-ms="29930">
      <class name="TestCases.TC2">
        <test-method is-config="true" signature="setup()[pri:0, instance:TestCases.TC2@5524cca1]" started-at="2022-06-21T08:09:07 IST" name="setup" finished-at="2022-06-21T08:09:12 IST" duration-ms="4199" status="PASS">
          <reporter-output>
          </reporter-output>
        </test-method> <!-- setup -->
        <test-method signature="validateNavigationToAirIndiaPage()[pri:0, instance:TestCases.TC2@5524cca1]" started-at="2022-06-21T08:09:12 IST" name="validateNavigationToAirIndiaPage" finished-at="2022-06-21T08:09:15 IST" duration-ms="3298" status="FAIL">
          <exception class="java.lang.AssertionError">
            <message>
              <![CDATA[Page header mismatch expected [Air India] but found [Air India1]]]>
            </message>
            <full-stacktrace>
              <![CDATA[java.lang.AssertionError: Page header mismatch expected [Air India] but found [Air India1]
at org.testng.Assert.fail(Assert.java:97)
at org.testng.Assert.assertEqualsImpl(Assert.java:136)
at org.testng.Assert.assertEquals(Assert.java:118)
at org.testng.Assert.assertEquals(Assert.java:575)
at pages.AirIndiaPage.verifyAirIndiaPageHeader(AirIndiaPage.java:21)
at TestCases.TC2.validateNavigationToAirIndiaPage(TC2.java:28)
at java.base/jdk.internal.reflect.NativeMethodAccessorImpl.invoke0(Native Method)
at java.base/jdk.internal.reflect.NativeMethodAccessorImpl.invoke(NativeMethodAccessorImpl.java:77)
at java.base/jdk.internal.reflect.DelegatingMethodAccessorImpl.invoke(DelegatingMethodAccessorImpl.java:43)
at java.base/java.lang.reflect.Method.invoke(Method.java:568)
at org.testng.internal.MethodInvocationHelper.invokeMethod(MethodInvocationHelper.java:133)
at org.testng.internal.TestInvoker.invokeMethod(TestInvoker.java:584)
at org.testng.internal.TestInvoker.invokeTestMethod(TestInvoker.java:172)
at org.testng.internal.MethodRunner.runInSequence(MethodRunner.java:46)
at org.testng.internal.TestInvoker$MethodInvocationAgent.invoke(TestInvoker.java:804)
at org.testng.internal.TestInvoker.invokeTestMethods(TestInvoker.java:145)
at org.testng.internal.TestMethodWorker.invokeTestMethods(TestMethodWorker.java:146)
at org.testng.internal.TestMethodWorker.run(TestMethodWorker.java:128)
at java.base/java.util.ArrayList.forEach(ArrayList.java:1511)
at org.testng.TestRunner.privateRun(TestRunner.java:770)
at org.testng.TestRunner.run(TestRunner.java:591)
at org.testng.SuiteRunner.runTest(SuiteRunner.java:402)
at org.testng.SuiteRunner.runSequentially(SuiteRunner.java:396)
at org.testng.SuiteRunner.privateRun(SuiteRunner.java:355)
at org.testng.SuiteRunner.run(SuiteRunner.java:304)
at org.testng.SuiteRunnerWorker.runSuite(SuiteRunnerWorker.java:53)
at org.testng.SuiteRunnerWorker.run(SuiteRunnerWorker.java:96)
at org.testng.TestNG.runSuitesSequentially(TestNG.java:1180)
at org.testng.TestNG.runSuitesLocally(TestNG.java:1102)
at org.testng.TestNG.runSuites(TestNG.java:1032)
at org.testng.TestNG.run(TestNG.java:1000)
at org.testng.remote.AbstractRemoteTestNG.run(AbstractRemoteTestNG.java:115)
at org.testng.remote.RemoteTestNG.initAndRun(RemoteTestNG.java:251)
at org.testng.remote.RemoteTestNG.main(RemoteTestNG.java:77)
]]>
            </full-stacktrace>
          </exception> <!-- java.lang.AssertionError -->
          <reporter-output>
          </reporter-output>
        </test-method> <!-- validateNavigationToAirIndiaPage -->
        <test-method is-config="true" signature="closeBrowser()[pri:0, instance:TestCases.TC2@5524cca1]" started-at="2022-06-21T08:09:15 IST" name="closeBrowser" finished-at="2022-06-21T08:09:15 IST" duration-ms="123" status="PASS">
          <reporter-output>
          </reporter-output>
        </test-method> <!-- closeBrowser -->
      </class> <!-- TestCases.TC2 -->
      <class name="TestCases.TC1">
        <test-method is-config="true" signature="setup()[pri:0, instance:TestCases.TC1@1a75e76a]" started-at="2022-06-21T08:08:46 IST" name="setup" finished-at="2022-06-21T08:09:04 IST" duration-ms="18558" status="PASS">
          <reporter-output>
          </reporter-output>
        </test-method> <!-- setup -->
        <test-method signature="userSelectTravelType()[pri:0, instance:TestCases.TC1@1a75e76a]" started-at="2022-06-21T08:09:04 IST" name="userSelectTravelType" finished-at="2022-06-21T08:09:04 IST" duration-ms="271" status="PASS">
          <reporter-output>
          </reporter-output>
        </test-method> <!-- userSelectTravelType -->
        <test-method signature="userSelectTravelDetails()[pri:0, instance:TestCases.TC1@1a75e76a]" started-at="2022-06-21T08:09:04 IST" name="userSelectTravelDetails" finished-at="2022-06-21T08:09:07 IST" depends-on-methods="TestCases.TC1.userSelectTravelType" duration-ms="2771" status="PASS">
          <reporter-output>
          </reporter-output>
        </test-method> <!-- userSelectTravelDetails -->
        <test-method is-config="true" signature="closeBrowser()[pri:0, instance:TestCases.TC1@1a75e76a]" started-at="2022-06-21T08:09:07 IST" name="closeBrowser" finished-at="2022-06-21T08:09:07 IST" duration-ms="159" status="PASS">
          <reporter-output>
          </reporter-output>
        </test-method> <!-- closeBrowser -->
      </class> <!-- TestCases.TC1 -->
    </test> <!-- Test -->
  </suite> <!-- Suite -->
</testng-results>
